<<<<<<< HEAD
<<<<<<< HEAD
{"message":"listen EADDRINUSE: address already in use :::3001","stack":"Error: listen EADDRINUSE: address already in use :::3001\n    at Server.setupListenHandle [as _listen2] (net.js:1280:14)\n    at listenInCluster (net.js:1328:12)\n    at Server.listen (net.js:1415:7)\n    at Function.listen (/home/roopesh/internship/Luxe_Services/serv/node_modules/express/lib/application.js:618:24)\n    at /home/roopesh/internship/Luxe_Services/serv/server.mjs:55:5\n    at Generator.next (<anonymous>)","code":"EADDRINUSE","errno":"EADDRINUSE","syscall":"listen","address":"::","port":3001,"level":"error","timestamp":"2021-03-13T18:49:37.562Z"}
{"message":"This is not working","stack":"file:///home/roopesh/internship/Luxe_Services/serv/server.mjs:1\nError: This is not working\n    at file:///home/roopesh/internship/Luxe_Services/serv/server.mjs:25:7\n    at Generator.next (<anonymous>)","level":"error","timestamp":"2021-03-13T18:50:18.862Z"}
{"message":"listen EADDRINUSE: address already in use :::3001","stack":"Error: listen EADDRINUSE: address already in use :::3001\n    at Server.setupListenHandle [as _listen2] (net.js:1280:14)\n    at listenInCluster (net.js:1328:12)\n    at Server.listen (net.js:1415:7)\n    at Function.listen (/home/roopesh/internship/Luxe_Services/serv/node_modules/express/lib/application.js:618:24)\n    at /home/roopesh/internship/Luxe_Services/serv/server.mjs:55:5\n    at Generator.next (<anonymous>)","code":"EADDRINUSE","errno":"EADDRINUSE","syscall":"listen","address":"::","port":3001,"level":"error","timestamp":"2021-03-13T18:51:08.537Z"}
{"message":"listen EADDRINUSE: address already in use :::3001","stack":"Error: listen EADDRINUSE: address already in use :::3001\n    at Server.setupListenHandle [as _listen2] (net.js:1280:14)\n    at listenInCluster (net.js:1328:12)\n    at Server.listen (net.js:1415:7)\n    at Function.listen (/home/roopesh/internship/Luxe_Services/serv/node_modules/express/lib/application.js:618:24)\n    at /home/roopesh/internship/Luxe_Services/serv/server.mjs:56:5\n    at Generator.next (<anonymous>)","code":"EADDRINUSE","errno":"EADDRINUSE","syscall":"listen","address":"::","port":3001,"level":"error","timestamp":"2021-03-13T18:55:57.214Z"}
{"message":"Something failed horribelly","stack":"Error: Something failed horribelly\n    at /home/roopesh/internship/Luxe_Services/serv/server.mjs:30:24\n    at Generator.next (<anonymous>)\n    at bl (/home/roopesh/internship/Luxe_Services/serv/node_modules/esm/esm.js:1:245412)\n    at kl (/home/roopesh/internship/Luxe_Services/serv/node_modules/esm/esm.js:1:247659)\n    at Object.u (/home/roopesh/internship/Luxe_Services/serv/node_modules/esm/esm.js:1:287740)\n    at Object.o (/home/roopesh/internship/Luxe_Services/serv/node_modules/esm/esm.js:1:287137)\n    at Object.<anonymous> (/home/roopesh/internship/Luxe_Services/serv/node_modules/esm/esm.js:1:284879)\n    at Object.apply (/home/roopesh/internship/Luxe_Services/serv/node_modules/esm/esm.js:1:199341)\n    at /home/roopesh/internship/Luxe_Services/serv/node_modules/esm/esm.js:1:231006\n    at /home/roopesh/internship/Luxe_Services/serv/node_modules/esm/esm.js:1:231041\n    at /home/roopesh/internship/Luxe_Services/serv/node_modules/esm/esm.js:1:231254\n    at Su (/home/roopesh/internship/Luxe_Services/serv/node_modules/esm/esm.js:1:228587)\n    at ku (/home/roopesh/internship/Luxe_Services/serv/node_modules/esm/esm.js:1:230341)\n    at _c (/home/roopesh/internship/Luxe_Services/serv/node_modules/esm/esm.js:1:258239)\n    at Function.<anonymous> (/home/roopesh/internship/Luxe_Services/serv/node_modules/esm/esm.js:1:296724)\n    at Function.<anonymous> (/home/roopesh/internship/Luxe_Services/serv/node_modules/esm/esm.js:1:296555)","level":"error","timestamp":"2021-03-13T18:57:55.182Z"}
{"message":"Something failed horribelly","stack":"Error: Something failed horribelly\n    at /home/roopesh/internship/Luxe_Services/serv/server.mjs:30:24\n    at Generator.next (<anonymous>)\n    at bl (/home/roopesh/internship/Luxe_Services/serv/node_modules/esm/esm.js:1:245412)\n    at kl (/home/roopesh/internship/Luxe_Services/serv/node_modules/esm/esm.js:1:247659)\n    at Object.u (/home/roopesh/internship/Luxe_Services/serv/node_modules/esm/esm.js:1:287740)\n    at Object.o (/home/roopesh/internship/Luxe_Services/serv/node_modules/esm/esm.js:1:287137)\n    at Object.<anonymous> (/home/roopesh/internship/Luxe_Services/serv/node_modules/esm/esm.js:1:284879)\n    at Object.apply (/home/roopesh/internship/Luxe_Services/serv/node_modules/esm/esm.js:1:199341)\n    at /home/roopesh/internship/Luxe_Services/serv/node_modules/esm/esm.js:1:231006\n    at /home/roopesh/internship/Luxe_Services/serv/node_modules/esm/esm.js:1:231041\n    at /home/roopesh/internship/Luxe_Services/serv/node_modules/esm/esm.js:1:231254\n    at Su (/home/roopesh/internship/Luxe_Services/serv/node_modules/esm/esm.js:1:228587)\n    at ku (/home/roopesh/internship/Luxe_Services/serv/node_modules/esm/esm.js:1:230341)\n    at _c (/home/roopesh/internship/Luxe_Services/serv/node_modules/esm/esm.js:1:258239)\n    at Function.<anonymous> (/home/roopesh/internship/Luxe_Services/serv/node_modules/esm/esm.js:1:296724)\n    at Function.<anonymous> (/home/roopesh/internship/Luxe_Services/serv/node_modules/esm/esm.js:1:296555)","level":"error","timestamp":"2021-03-13T18:58:03.253Z"}
{"message":"listen EADDRINUSE: address already in use :::3001","stack":"Error: listen EADDRINUSE: address already in use :::3001\n    at Server.setupListenHandle [as _listen2] (net.js:1280:14)\n    at listenInCluster (net.js:1328:12)\n    at Server.listen (net.js:1415:7)\n    at Function.listen (/home/roopesh/internship/Luxe_Services/serv/node_modules/express/lib/application.js:618:24)\n    at /home/roopesh/internship/Luxe_Services/serv/server.mjs:61:5\n    at Generator.next (<anonymous>)","code":"EADDRINUSE","errno":"EADDRINUSE","syscall":"listen","address":"::","port":3001,"level":"error","timestamp":"2021-03-13T18:58:49.326Z"}
{"message":"Something failed horribelly","stack":"Error: Something failed horribelly\n    at /home/roopesh/internship/Luxe_Services/serv/server.mjs:30:24\n    at Generator.next (<anonymous>)\n    at bl (/home/roopesh/internship/Luxe_Services/serv/node_modules/esm/esm.js:1:245412)\n    at kl (/home/roopesh/internship/Luxe_Services/serv/node_modules/esm/esm.js:1:247659)\n    at Object.u (/home/roopesh/internship/Luxe_Services/serv/node_modules/esm/esm.js:1:287740)\n    at Object.o (/home/roopesh/internship/Luxe_Services/serv/node_modules/esm/esm.js:1:287137)\n    at Object.<anonymous> (/home/roopesh/internship/Luxe_Services/serv/node_modules/esm/esm.js:1:284879)\n    at Object.apply (/home/roopesh/internship/Luxe_Services/serv/node_modules/esm/esm.js:1:199341)\n    at /home/roopesh/internship/Luxe_Services/serv/node_modules/esm/esm.js:1:231006\n    at /home/roopesh/internship/Luxe_Services/serv/node_modules/esm/esm.js:1:231041\n    at /home/roopesh/internship/Luxe_Services/serv/node_modules/esm/esm.js:1:231254\n    at Su (/home/roopesh/internship/Luxe_Services/serv/node_modules/esm/esm.js:1:228587)\n    at ku (/home/roopesh/internship/Luxe_Services/serv/node_modules/esm/esm.js:1:230341)\n    at _c (/home/roopesh/internship/Luxe_Services/serv/node_modules/esm/esm.js:1:258239)\n    at Function.<anonymous> (/home/roopesh/internship/Luxe_Services/serv/node_modules/esm/esm.js:1:296724)\n    at Function.<anonymous> (/home/roopesh/internship/Luxe_Services/serv/node_modules/esm/esm.js:1:296555)","level":"error","timestamp":"2021-03-13T18:58:49.328Z"}
{"message":"Something failed horribelly","stack":"Error: Something failed horribelly\n    at /home/roopesh/internship/Luxe_Services/serv/server.mjs:30:24\n    at Generator.next (<anonymous>)\n    at bl (/home/roopesh/internship/Luxe_Services/serv/node_modules/esm/esm.js:1:245412)\n    at kl (/home/roopesh/internship/Luxe_Services/serv/node_modules/esm/esm.js:1:247659)\n    at Object.u (/home/roopesh/internship/Luxe_Services/serv/node_modules/esm/esm.js:1:287740)\n    at Object.o (/home/roopesh/internship/Luxe_Services/serv/node_modules/esm/esm.js:1:287137)\n    at Object.<anonymous> (/home/roopesh/internship/Luxe_Services/serv/node_modules/esm/esm.js:1:284879)\n    at Object.apply (/home/roopesh/internship/Luxe_Services/serv/node_modules/esm/esm.js:1:199341)\n    at /home/roopesh/internship/Luxe_Services/serv/node_modules/esm/esm.js:1:231006\n    at /home/roopesh/internship/Luxe_Services/serv/node_modules/esm/esm.js:1:231041\n    at /home/roopesh/internship/Luxe_Services/serv/node_modules/esm/esm.js:1:231254\n    at Su (/home/roopesh/internship/Luxe_Services/serv/node_modules/esm/esm.js:1:228587)\n    at ku (/home/roopesh/internship/Luxe_Services/serv/node_modules/esm/esm.js:1:230341)\n    at _c (/home/roopesh/internship/Luxe_Services/serv/node_modules/esm/esm.js:1:258239)\n    at Function.<anonymous> (/home/roopesh/internship/Luxe_Services/serv/node_modules/esm/esm.js:1:296724)\n    at Function.<anonymous> (/home/roopesh/internship/Luxe_Services/serv/node_modules/esm/esm.js:1:296555)","level":"error","timestamp":"2021-03-13T18:58:55.841Z"}
{"level":"info","message":"Listening On 3001","timestamp":"2021-03-15T13:25:13.981Z"}
{"level":"info","message":"Listening On 3001","timestamp":"2021-03-15T13:25:17.931Z"}
{"level":"info","message":"Listening On 3001","timestamp":"2021-03-15T13:41:47.552Z"}
{"level":"info","message":"Listening On 3001","timestamp":"2021-03-15T13:42:24.274Z"}
{"level":"info","message":"Listening On 3001","timestamp":"2021-03-15T13:44:18.531Z"}
{"level":"info","message":"Listening On 3001","timestamp":"2021-03-15T13:47:44.648Z"}
{"level":"info","message":"Listening On 3001","timestamp":"2021-03-15T13:50:57.467Z"}
{"level":"info","message":"Listening On 3001","timestamp":"2021-03-15T13:51:37.868Z"}
{"level":"info","message":"Listening On 3001","timestamp":"2021-03-15T13:54:58.774Z"}
{"level":"info","message":"Listening On 3001","timestamp":"2021-03-15T13:57:06.429Z"}
{"level":"info","message":"Listening On 3001","timestamp":"2021-03-15T13:59:24.994Z"}
{"level":"info","message":"Listening On 3001","timestamp":"2021-03-15T14:09:05.971Z"}
{"level":"info","message":"Listening On 3001","timestamp":"2021-03-15T14:10:06.818Z"}
{"level":"info","message":"Listening On 3001","timestamp":"2021-03-15T14:10:56.380Z"}
{"level":"info","message":"Listening On 3001","timestamp":"2021-03-15T14:12:19.564Z"}
{"level":"info","message":"Listening On 3001","timestamp":"2021-03-15T14:13:29.802Z"}
{"level":"info","message":"Listening On 3001","timestamp":"2021-03-15T14:14:19.926Z"}
{"level":"info","message":"Listening On 3001","timestamp":"2021-03-15T14:16:39.332Z"}
{"level":"info","message":"Listening On 3001","timestamp":"2021-03-15T14:17:17.328Z"}
{"level":"info","message":"Listening On 3001","timestamp":"2021-03-15T14:20:10.060Z"}
{"level":"info","message":"Listening On 3001","timestamp":"2021-03-15T14:20:36.044Z"}
{"level":"info","message":"Listening On 3001","timestamp":"2021-03-15T14:21:03.468Z"}
{"level":"info","message":"Listening On 3001","timestamp":"2021-03-15T14:21:41.119Z"}
{"level":"info","message":"Listening On 3001","timestamp":"2021-03-15T14:22:17.176Z"}
{"level":"info","message":"Listening On 3001","timestamp":"2021-03-15T14:23:10.670Z"}
{"level":"info","message":"Listening On 3001","timestamp":"2021-03-15T14:23:35.502Z"}
{"level":"info","message":"Listening On 3001","timestamp":"2021-03-15T14:23:41.920Z"}
{"level":"info","message":"Listening On 3001","timestamp":"2021-03-15T14:25:15.021Z"}
{"level":"info","message":"Listening On 3001","timestamp":"2021-03-15T14:25:44.130Z"}
{"level":"info","message":"Listening On 3001","timestamp":"2021-03-15T14:26:39.832Z"}
{"level":"info","message":"Listening On 3001","timestamp":"2021-03-15T14:27:40.454Z"}
{"level":"info","message":"Listening On 3001","timestamp":"2021-03-15T14:28:32.442Z"}
{"level":"info","message":"Listening On 3001","timestamp":"2021-03-15T14:28:58.656Z"}
{"level":"info","message":"Listening On 3001","timestamp":"2021-03-15T14:31:01.324Z"}
{"level":"info","message":"Listening On 3001","timestamp":"2021-03-15T14:31:29.535Z"}
{"level":"info","message":"Listening On 3001","timestamp":"2021-03-15T14:32:13.378Z"}
{"level":"info","message":"Listening On 3001","timestamp":"2021-03-15T14:32:31.559Z"}
{"level":"info","message":"Listening On 3001","timestamp":"2021-03-15T14:33:38.060Z"}
{"level":"info","message":"Listening On 3001","timestamp":"2021-03-15T14:33:49.928Z"}
{"level":"info","message":"Listening On 3001","timestamp":"2021-03-15T14:35:22.470Z"}
{"level":"info","message":"Listening On 3001","timestamp":"2021-03-15T14:37:07.151Z"}
{"level":"info","message":"Listening On 3001","timestamp":"2021-03-15T14:38:25.252Z"}
{"level":"info","message":"Listening On 3001","timestamp":"2021-03-15T14:39:10.379Z"}
{"level":"info","message":"Listening On 3001","timestamp":"2021-03-15T14:39:44.352Z"}
{"level":"info","message":"Listening On 3001","timestamp":"2021-03-15T14:40:20.189Z"}
{"level":"info","message":"Listening On 3001","timestamp":"2021-03-15T14:41:33.563Z"}
{"level":"info","message":"Listening On 3001","timestamp":"2021-03-15T14:43:57.547Z"}
{"level":"info","message":"Listening On 3001","timestamp":"2021-03-15T14:44:34.079Z"}
{"level":"info","message":"Listening On 3001","timestamp":"2021-03-15T14:45:11.519Z"}
{"level":"info","message":"Listening On 3001","timestamp":"2021-03-15T14:48:06.566Z"}
{"level":"info","message":"Listening On 3001","timestamp":"2021-03-15T14:48:16.880Z"}
{"level":"info","message":"Listening On 3001","timestamp":"2021-03-15T14:48:36.931Z"}
{"level":"info","message":"Listening On 3001","timestamp":"2021-03-15T14:49:01.811Z"}
{"level":"info","message":"Listening On 3001","timestamp":"2021-03-15T14:49:36.963Z"}
{"level":"info","message":"Listening On 3001","timestamp":"2021-03-15T14:50:18.260Z"}
{"level":"info","message":"Listening On 3001","timestamp":"2021-03-15T14:51:27.872Z"}
{"level":"info","message":"Listening On 3001","timestamp":"2021-03-15T14:52:31.086Z"}
{"level":"info","message":"Listening On 3001","timestamp":"2021-03-15T14:54:09.297Z"}
{"level":"info","message":"Listening On 3001","timestamp":"2021-03-15T14:54:30.617Z"}
{"level":"info","message":"Listening On 3001","timestamp":"2021-03-15T14:55:14.803Z"}
{"level":"info","message":"Listening On 3001","timestamp":"2021-03-15T14:56:38.147Z"}
{"level":"info","message":"Listening On 3001","timestamp":"2021-03-15T14:57:05.164Z"}
{"level":"info","message":"Listening On 3001","timestamp":"2021-03-15T14:58:00.735Z"}
{"level":"info","message":"Listening On 3001","timestamp":"2021-03-15T14:58:29.480Z"}
{"level":"info","message":"Listening On 3001","timestamp":"2021-03-15T14:59:10.325Z"}
{"level":"info","message":"Listening On 3001","timestamp":"2021-03-15T15:00:13.134Z"}
{"level":"info","message":"Listening On 3001","timestamp":"2021-03-15T15:00:24.041Z"}
{"level":"info","message":"Listening On 3001","timestamp":"2021-03-15T15:00:54.096Z"}
{"level":"info","message":"Listening On 3001","timestamp":"2021-03-15T15:01:14.004Z"}
{"level":"info","message":"Listening On 3001","timestamp":"2021-03-15T15:01:21.838Z"}
{"level":"info","message":"Listening On 3001","timestamp":"2021-03-16T15:05:27.337Z"}
{"level":"info","message":"Listening On 3001","timestamp":"2021-03-16T15:05:40.607Z"}
{"level":"info","message":"Listening On 3001","timestamp":"2021-03-18T13:17:58.291Z"}
{"level":"info","message":"Listening On 3001","timestamp":"2021-03-18T13:19:02.425Z"}
{"level":"info","message":"Listening On 3001","timestamp":"2021-03-18T13:24:06.542Z"}
{"level":"info","message":"Listening On 3001","timestamp":"2021-03-19T14:00:04.254Z"}
{"level":"info","message":"Listening On 3001","timestamp":"2021-03-19T14:01:09.934Z"}
{"level":"info","message":"Listening On 3001","timestamp":"2021-03-19T14:01:58.102Z"}
{"level":"info","message":"Listening On 3001","timestamp":"2021-03-19T14:03:27.989Z"}
{"level":"info","message":"Listening On 3001","timestamp":"2021-03-19T14:05:08.709Z"}
{"level":"info","message":"Listening On 3001","timestamp":"2021-03-19T14:06:12.519Z"}
{"level":"info","message":"Listening On 3001","timestamp":"2021-03-19T14:06:34.550Z"}
{"level":"info","message":"Listening On 3001","timestamp":"2021-03-19T14:07:00.628Z"}
{"level":"info","message":"Listening On 3001","timestamp":"2021-03-19T14:07:31.139Z"}
{"level":"info","message":"Listening On 3001","timestamp":"2021-03-19T14:08:22.215Z"}
{"level":"info","message":"Listening On 3001","timestamp":"2021-03-19T14:09:19.637Z"}
{"level":"info","message":"Listening On 3001","timestamp":"2021-03-19T14:12:04.873Z"}
{"level":"info","message":"Listening On 3001","timestamp":"2021-03-19T14:12:13.132Z"}
{"level":"info","message":"Listening On 3001","timestamp":"2021-03-19T14:12:21.166Z"}
{"level":"info","message":"Listening On 3001","timestamp":"2021-03-19T14:12:30.289Z"}
{"level":"info","message":"Listening On 3001","timestamp":"2021-03-19T14:12:52.787Z"}
{"level":"info","message":"Listening On 3001","timestamp":"2021-03-19T14:25:12.777Z"}
{"level":"info","message":"Listening On 3001","timestamp":"2021-03-19T14:26:10.285Z"}
{"level":"info","message":"Listening On 3001","timestamp":"2021-03-19T14:29:08.356Z"}
{"level":"info","message":"Listening On 3001","timestamp":"2021-03-19T14:38:34.260Z"}
{"level":"info","message":"Listening On 3001","timestamp":"2021-03-19T14:40:50.837Z"}
{"level":"info","message":"Listening On 3001","timestamp":"2021-03-19T14:43:00.535Z"}
{"level":"info","message":"Listening On 3001","timestamp":"2021-03-19T14:43:11.401Z"}
{"level":"info","message":"Listening On 3001","timestamp":"2021-03-19T14:43:37.396Z"}
{"level":"info","message":"Listening On 3001","timestamp":"2021-03-19T14:44:27.637Z"}
{"level":"info","message":"Listening On 3001","timestamp":"2021-03-19T14:44:52.009Z"}
{"level":"info","message":"Listening On 3001","timestamp":"2021-03-19T14:49:37.888Z"}
{"level":"info","message":"Listening On 3001","timestamp":"2021-03-19T14:59:14.602Z"}
{"level":"info","message":"Listening On 3001","timestamp":"2021-03-19T15:00:05.047Z"}
{"level":"info","message":"Listening On 3001","timestamp":"2021-03-19T15:00:11.575Z"}
{"level":"info","message":"Listening On 3001","timestamp":"2021-03-19T15:01:07.620Z"}
{"level":"info","message":"Listening On 3001","timestamp":"2021-03-19T15:01:15.618Z"}
{"level":"info","message":"Listening On 3001","timestamp":"2021-03-19T15:01:28.386Z"}
{"level":"info","message":"Listening On 3001","timestamp":"2021-03-19T15:01:42.239Z"}
{"level":"info","message":"Listening On 3001","timestamp":"2021-03-19T15:01:53.594Z"}
{"level":"info","message":"Listening On 3001","timestamp":"2021-03-19T15:01:59.997Z"}
{"level":"info","message":"Listening On 3001","timestamp":"2021-03-19T15:08:55.241Z"}
{"level":"info","message":"Listening On 3001","timestamp":"2021-03-19T15:09:06.089Z"}
{"level":"info","message":"Listening On 3001","timestamp":"2021-03-19T15:09:14.928Z"}
{"level":"info","message":"Listening On 3001","timestamp":"2021-03-19T15:51:25.657Z"}
{"level":"info","message":"Listening On 3001","timestamp":"2021-03-19T15:51:33.498Z"}
{"level":"info","message":"Listening On 3001","timestamp":"2021-03-19T15:54:08.845Z"}
{"level":"info","message":"Listening On 3001","timestamp":"2021-03-19T19:01:40.600Z"}
{"level":"info","message":"Listening On 3001","timestamp":"2021-03-19T19:14:53.769Z"}
{"level":"info","message":"Listening On 3001","timestamp":"2021-03-19T19:22:57.158Z"}
{"level":"info","message":"Listening On 3001","timestamp":"2021-03-19T19:30:29.860Z"}
{"level":"info","message":"Listening On 3001","timestamp":"2021-03-19T19:31:24.300Z"}
{"level":"info","message":"Listening On 3001","timestamp":"2021-03-19T19:31:38.790Z"}
{"level":"info","message":"Listening On 3001","timestamp":"2021-03-19T19:33:43.509Z"}
{"level":"info","message":"Listening On 3001","timestamp":"2021-03-19T19:35:08.766Z"}
{"level":"info","message":"Listening On 3001","timestamp":"2021-03-19T20:20:00.533Z"}
{"level":"info","message":"Listening On 3001","timestamp":"2021-03-20T13:54:32.106Z"}
{"level":"info","message":"Listening On 3001","timestamp":"2021-03-20T13:57:08.459Z"}
{"level":"info","message":"Listening On 3001","timestamp":"2021-03-20T14:00:20.471Z"}
{"level":"info","message":"Listening On 3001","timestamp":"2021-03-20T14:02:00.292Z"}
{"level":"info","message":"Listening On 3001","timestamp":"2021-03-20T14:03:17.604Z"}
{"level":"info","message":"Listening On 3001","timestamp":"2021-03-20T14:04:41.953Z"}
{"level":"info","message":"Listening On 3001","timestamp":"2021-03-20T14:12:50.423Z"}
{"level":"info","message":"Listening On 3001","timestamp":"2021-03-20T14:13:25.860Z"}
{"level":"info","message":"Listening On 3001","timestamp":"2021-03-20T14:22:55.865Z"}
{"level":"info","message":"Listening On 3001","timestamp":"2021-03-20T14:23:24.486Z"}
{"level":"info","message":"Listening On 3001","timestamp":"2021-03-20T14:33:48.639Z"}
{"level":"info","message":"Listening On 3001","timestamp":"2021-03-20T14:34:05.683Z"}
{"level":"info","message":"Listening On 3001","timestamp":"2021-03-20T14:38:03.895Z"}
{"level":"info","message":"Listening On 3001","timestamp":"2021-03-20T14:40:03.003Z"}
{"level":"info","message":"Listening On 3001","timestamp":"2021-03-20T15:59:35.665Z"}
{"level":"info","message":"Listening On 3001","timestamp":"2021-03-20T16:02:05.232Z"}
{"level":"info","message":"Listening On 3001","timestamp":"2021-03-20T16:02:49.240Z"}
{"level":"info","message":"Listening On 3001","timestamp":"2021-03-20T16:10:48.760Z"}
{"level":"info","message":"Listening On 3001","timestamp":"2021-03-20T16:11:32.599Z"}
{"level":"info","message":"Listening On 3001","timestamp":"2021-03-20T16:14:19.459Z"}
{"level":"info","message":"Listening On 3001","timestamp":"2021-03-20T16:14:45.127Z"}
{"level":"info","message":"Listening On 3001","timestamp":"2021-03-20T16:18:18.534Z"}
{"level":"info","message":"Listening On 3001","timestamp":"2021-03-20T16:18:50.817Z"}
{"level":"info","message":"Listening On 3001","timestamp":"2021-03-20T16:21:52.284Z"}
{"level":"info","message":"Listening On 3001","timestamp":"2021-03-20T16:22:30.840Z"}
{"level":"info","message":"Listening On 3001","timestamp":"2021-03-20T16:28:13.367Z"}
{"level":"info","message":"Listening On 3001","timestamp":"2021-03-20T16:29:14.142Z"}
{"level":"info","message":"Listening On 3001","timestamp":"2021-03-20T16:31:18.519Z"}
{"level":"info","message":"Listening On 3001","timestamp":"2021-03-20T16:32:33.398Z"}
{"level":"info","message":"Listening On 3001","timestamp":"2021-03-20T16:34:11.077Z"}
{"level":"info","message":"Listening On 3001","timestamp":"2021-03-20T16:34:36.075Z"}
{"level":"info","message":"Listening On 3001","timestamp":"2021-03-20T16:34:43.937Z"}
{"level":"info","message":"Listening On 3001","timestamp":"2021-03-20T16:35:46.706Z"}
{"level":"info","message":"Listening On 3001","timestamp":"2021-03-20T16:35:54.525Z"}
{"level":"info","message":"Listening On 3001","timestamp":"2021-03-22T11:59:16.595Z"}
{"level":"info","message":"Listening On 3001","timestamp":"2021-03-22T12:04:17.621Z"}
{"level":"info","message":"Listening On 3001","timestamp":"2021-03-22T12:17:59.347Z"}
{"level":"info","message":"Listening On 3001","timestamp":"2021-03-22T12:18:36.364Z"}
{"level":"info","message":"Listening On 3001","timestamp":"2021-03-22T12:18:54.686Z"}
{"level":"info","message":"Listening On 3001","timestamp":"2021-03-22T12:19:05.830Z"}
{"level":"info","message":"Listening On 3001","timestamp":"2021-03-22T12:20:12.398Z"}
{"level":"info","message":"Listening On 3001","timestamp":"2021-03-22T12:20:54.247Z"}
{"level":"info","message":"Listening On 3001","timestamp":"2021-03-22T12:23:22.443Z"}
{"level":"info","message":"Listening On 3001","timestamp":"2021-03-22T12:38:22.957Z"}
{"level":"info","message":"Listening On 3001","timestamp":"2021-03-22T12:47:29.047Z"}
{"level":"info","message":"Listening On 3001","timestamp":"2021-03-22T12:48:04.311Z"}
{"level":"info","message":"Listening On 3001","timestamp":"2021-03-22T12:48:29.849Z"}
{"level":"info","message":"Listening On 3001","timestamp":"2021-03-22T13:00:25.504Z"}
{"level":"info","message":"Listening On 3001","timestamp":"2021-03-22T13:05:10.949Z"}
{"level":"info","message":"Listening On 3001","timestamp":"2021-03-22T13:06:50.970Z"}
{"level":"info","message":"Listening On 3001","timestamp":"2021-03-22T13:08:27.389Z"}
{"level":"info","message":"Listening On 3001","timestamp":"2021-03-22T13:11:17.324Z"}
{"level":"info","message":"Listening On 3001","timestamp":"2021-03-22T13:11:56.407Z"}
{"level":"info","message":"Listening On 3001","timestamp":"2021-03-22T13:12:31.114Z"}
{"level":"info","message":"Listening On 3001","timestamp":"2021-03-22T13:13:13.541Z"}
{"level":"info","message":"Listening On 3001","timestamp":"2021-03-22T13:14:50.025Z"}
{"level":"info","message":"Listening On 3001","timestamp":"2021-03-22T13:16:15.695Z"}
{"level":"info","message":"Listening On 3001","timestamp":"2021-03-22T13:17:17.946Z"}
{"level":"info","message":"Listening On 3001","timestamp":"2021-03-22T13:19:11.600Z"}
{"level":"info","message":"Listening On 3001","timestamp":"2021-03-22T13:24:40.247Z"}
{"level":"info","message":"Listening On 3001","timestamp":"2021-03-22T13:31:40.155Z"}
{"level":"info","message":"Listening On 3001","timestamp":"2021-03-22T13:32:14.106Z"}
{"level":"info","message":"Listening On 3001","timestamp":"2021-03-22T13:34:49.418Z"}
{"level":"info","message":"Listening On 3001","timestamp":"2021-03-22T13:36:16.891Z"}
{"level":"info","message":"Listening On 3001","timestamp":"2021-03-22T13:37:47.215Z"}
{"level":"info","message":"Listening On 3001","timestamp":"2021-03-22T13:39:11.931Z"}
{"level":"info","message":"Listening On 3001","timestamp":"2021-03-22T13:44:09.302Z"}
{"level":"info","message":"Listening On 3001","timestamp":"2021-03-22T13:44:39.431Z"}
{"level":"info","message":"Listening On 3001","timestamp":"2021-03-22T13:44:55.118Z"}
{"level":"info","message":"Listening On 3001","timestamp":"2021-03-22T13:45:59.713Z"}
{"level":"info","message":"Listening On 3001","timestamp":"2021-03-22T13:46:42.929Z"}
{"level":"info","message":"Listening On 3001","timestamp":"2021-03-22T13:53:46.410Z"}
{"level":"info","message":"Listening On 3001","timestamp":"2021-03-22T13:59:56.983Z"}
{"level":"info","message":"Listening On 3001","timestamp":"2021-03-22T14:03:32.841Z"}
{"level":"info","message":"Listening On 3001","timestamp":"2021-03-22T14:06:36.374Z"}
{"level":"info","message":"Listening On 3001","timestamp":"2021-03-22T14:07:50.949Z"}
{"level":"info","message":"Listening On 3001","timestamp":"2021-03-22T14:10:57.919Z"}
{"level":"info","message":"Listening On 3001","timestamp":"2021-03-22T14:11:26.984Z"}
{"level":"info","message":"Listening On 3001","timestamp":"2021-03-22T14:12:33.850Z"}
{"level":"info","message":"Listening On 3001","timestamp":"2021-03-22T14:17:16.994Z"}
{"level":"info","message":"Listening On 3001","timestamp":"2021-03-22T14:17:40.970Z"}
{"level":"info","message":"Listening On 3001","timestamp":"2021-03-22T14:17:42.672Z"}
{"level":"info","message":"Listening On 3001","timestamp":"2021-03-22T14:17:54.726Z"}
{"level":"info","message":"Listening On 3001","timestamp":"2021-03-22T14:20:00.928Z"}
{"level":"info","message":"Listening On 3001","timestamp":"2021-03-22T14:22:28.059Z"}
{"level":"info","message":"Listening On 3001","timestamp":"2021-03-22T14:35:41.458Z"}
{"level":"info","message":"Listening On 3001","timestamp":"2021-03-22T14:36:21.680Z"}
{"level":"info","message":"Listening On 3001","timestamp":"2021-03-22T14:42:30.646Z"}
{"level":"info","message":"Listening On 3001","timestamp":"2021-03-22T14:46:19.503Z"}
{"level":"info","message":"Listening On 3001","timestamp":"2021-03-22T14:46:31.320Z"}
{"level":"info","message":"Listening On 3001","timestamp":"2021-03-22T14:46:41.314Z"}
{"level":"info","message":"Listening On 3001","timestamp":"2021-03-22T14:54:52.354Z"}
{"level":"info","message":"Listening On 3001","timestamp":"2021-03-22T14:57:13.557Z"}
{"level":"info","message":"Listening On 3001","timestamp":"2021-03-22T14:57:40.277Z"}
{"level":"info","message":"Listening On 3001","timestamp":"2021-03-22T14:57:46.332Z"}
{"level":"info","message":"Listening On 3001","timestamp":"2021-03-22T14:58:28.510Z"}
{"level":"info","message":"Listening On 3001","timestamp":"2021-03-22T15:00:55.375Z"}
{"level":"info","message":"Listening On 3001","timestamp":"2021-03-22T15:01:03.994Z"}
{"level":"info","message":"Listening On 3001","timestamp":"2021-03-22T15:02:32.097Z"}
{"level":"info","message":"Listening On 3001","timestamp":"2021-03-22T15:09:34.052Z"}
{"level":"info","message":"Listening On 3001","timestamp":"2021-03-22T15:11:55.695Z"}
{"level":"info","message":"Listening On 3001","timestamp":"2021-03-22T15:17:33.557Z"}
{"level":"info","message":"Listening On 3001","timestamp":"2021-03-22T15:18:10.546Z"}
{"level":"info","message":"Listening On 3001","timestamp":"2021-03-22T15:18:55.822Z"}
{"level":"info","message":"Listening On 3001","timestamp":"2021-03-22T15:24:47.773Z"}
{"level":"info","message":"Listening On 3001","timestamp":"2021-03-22T15:25:04.149Z"}
{"level":"info","message":"Listening On 3001","timestamp":"2021-03-22T15:28:58.023Z"}
{"level":"info","message":"Listening On 3001","timestamp":"2021-03-22T15:29:39.417Z"}
{"level":"info","message":"Listening On 3001","timestamp":"2021-03-22T15:38:38.000Z"}
{"level":"info","message":"Listening On 3001","timestamp":"2021-03-22T15:39:03.238Z"}
{"level":"info","message":"Listening On 3001","timestamp":"2021-03-22T15:55:43.459Z"}
{"level":"info","message":"Listening On 3001","timestamp":"2021-03-22T15:56:41.896Z"}
{"level":"info","message":"Listening On 3001","timestamp":"2021-03-22T15:57:17.055Z"}
{"level":"info","message":"Listening On 3001","timestamp":"2021-03-22T15:58:45.872Z"}
{"level":"info","message":"Listening On 3001","timestamp":"2021-03-22T16:00:54.032Z"}
{"level":"info","message":"Listening On 3001","timestamp":"2021-03-22T16:02:00.663Z"}
{"level":"info","message":"Listening On 3001","timestamp":"2021-03-22T16:13:40.286Z"}
{"level":"info","message":"Listening On 3001","timestamp":"2021-03-22T16:13:51.475Z"}
{"level":"info","message":"Listening On 3001","timestamp":"2021-03-22T16:16:25.382Z"}
{"level":"info","message":"Listening On 3001","timestamp":"2021-03-22T17:42:41.743Z"}
{"level":"info","message":"Listening On 3001","timestamp":"2021-03-22T17:53:45.045Z"}
{"level":"info","message":"Listening On 3001","timestamp":"2021-03-22T17:58:54.435Z"}
{"level":"info","message":"Listening On 3001","timestamp":"2021-03-22T18:07:37.172Z"}
{"level":"info","message":"Listening On 3001","timestamp":"2021-03-22T18:27:12.847Z"}
{"level":"info","message":"Listening On 3001","timestamp":"2021-03-22T18:29:25.944Z"}
{"level":"info","message":"Listening On 3001","timestamp":"2021-03-22T18:31:17.033Z"}
{"level":"info","message":"Listening On 3001","timestamp":"2021-03-22T18:37:59.279Z"}
{"level":"info","message":"Listening On 3001","timestamp":"2021-03-22T18:40:22.506Z"}
{"level":"info","message":"Listening On 3001","timestamp":"2021-03-22T18:40:47.556Z"}
{"level":"info","message":"Listening On 3001","timestamp":"2021-03-22T18:44:49.382Z"}
{"level":"info","message":"Listening On 3001","timestamp":"2021-03-22T18:45:08.840Z"}
{"level":"info","message":"Listening On 3001","timestamp":"2021-03-22T18:47:46.908Z"}
{"level":"info","message":"Listening On 3001","timestamp":"2021-03-22T18:55:10.193Z"}
{"level":"info","message":"Listening On 3001","timestamp":"2021-03-22T18:57:51.220Z"}
{"level":"info","message":"Listening On 3001","timestamp":"2021-03-22T18:59:04.168Z"}
{"level":"info","message":"Listening On 3001","timestamp":"2021-03-22T19:08:02.618Z"}
{"level":"info","message":"Listening On 3001","timestamp":"2021-03-23T12:27:43.191Z"}
{"level":"info","message":"Listening On 3001","timestamp":"2021-03-23T12:27:56.745Z"}
{"level":"info","message":"Listening On 3001","timestamp":"2021-03-23T12:29:50.054Z"}
{"level":"info","message":"Listening On 3001","timestamp":"2021-03-23T12:30:02.182Z"}
{"level":"info","message":"Listening On 3001","timestamp":"2021-03-23T12:30:11.308Z"}
{"level":"info","message":"Listening On 3001","timestamp":"2021-03-23T12:30:19.035Z"}
{"level":"info","message":"Listening On 3001","timestamp":"2021-03-23T12:30:33.178Z"}
{"level":"info","message":"Listening On 3001","timestamp":"2021-03-23T12:30:41.160Z"}
{"level":"info","message":"Listening On 3001","timestamp":"2021-03-23T12:30:47.092Z"}
{"level":"info","message":"Listening On 3001","timestamp":"2021-03-23T12:30:53.788Z"}
{"level":"info","message":"Listening On 3001","timestamp":"2021-03-23T12:32:28.751Z"}
=======
>>>>>>> d72bb37dcc58f88d9e4885013c9cbb6eb8fefb89
=======
{"level":"info","message":"Listening On 3001","timestamp":"2021-03-21T10:31:52.720Z"}
{"level":"info","message":"Listening On 3001","timestamp":"2021-03-22T12:19:56.208Z"}
{"level":"info","message":"Listening On 3001","timestamp":"2021-03-23T12:14:41.487Z"}
>>>>>>> 783698ff1378fda83e9cfd883ed06c9dcc163281
{"level":"info","message":"Listening On 3001","timestamp":"2021-03-23T13:01:52.273Z"}
{"level":"info","message":"Listening On 3001","timestamp":"2021-03-23T13:04:01.730Z"}
{"level":"info","message":"Listening On 3001","timestamp":"2021-03-23T13:13:26.853Z"}
{"level":"info","message":"Listening On 3001","timestamp":"2021-03-23T13:14:51.024Z"}
{"level":"info","message":"Listening On 3001","timestamp":"2021-03-23T13:51:22.046Z"}
{"level":"info","message":"Listening On 3001","timestamp":"2021-03-23T14:01:11.664Z"}
{"level":"info","message":"Listening On 3001","timestamp":"2021-03-23T14:03:40.665Z"}
{"level":"info","message":"Listening On 3001","timestamp":"2021-03-23T14:05:25.175Z"}
{"level":"info","message":"Listening On 3001","timestamp":"2021-03-23T14:08:42.187Z"}
{"level":"info","message":"Listening On 3001","timestamp":"2021-03-23T14:09:03.360Z"}
{"level":"info","message":"Listening On 3001","timestamp":"2021-03-23T14:09:07.099Z"}
{"level":"info","message":"Listening On 3001","timestamp":"2021-03-23T14:09:38.003Z"}
{"level":"info","message":"Listening On 3001","timestamp":"2021-03-23T14:10:08.382Z"}
{"level":"info","message":"Listening On 3001","timestamp":"2021-03-23T14:13:26.460Z"}
{"level":"info","message":"Listening On 3001","timestamp":"2021-03-23T14:13:46.834Z"}
{"level":"info","message":"Listening On 3001","timestamp":"2021-03-23T14:18:24.966Z"}
{"level":"info","message":"Listening On 3001","timestamp":"2021-03-23T14:36:03.259Z"}
{"level":"info","message":"Listening On 3001","timestamp":"2021-03-23T14:49:36.014Z"}
{"level":"info","message":"Listening On 3001","timestamp":"2021-03-23T14:51:34.079Z"}
{"level":"info","message":"Listening On 3001","timestamp":"2021-03-23T14:56:34.049Z"}
{"level":"info","message":"Listening On 3001","timestamp":"2021-03-23T15:03:31.516Z"}
{"level":"info","message":"Listening On 3001","timestamp":"2021-03-23T15:07:06.019Z"}
{"level":"info","message":"Listening On 3001","timestamp":"2021-03-23T16:43:55.649Z"}
{"level":"info","message":"Listening On 3001","timestamp":"2021-03-23T17:06:54.762Z"}
{"level":"info","message":"Listening On 3001","timestamp":"2021-03-23T17:07:10.189Z"}
{"level":"info","message":"Listening On 3001","timestamp":"2021-03-23T17:09:22.442Z"}
